Testsuite: com.generic.intelledger.IntelledgerTests
Tests run: 2, Failures: 1, Errors: 0, Time elapsed: 15.717 sec
------------- Standard Output ---------------
--Output from testSomething--
--Output from testSetWithoutEntries--
------------- ---------------- ---------------
------------- Standard Error -----------------
--Output from testSomething--
--Output from testSetWithoutEntries--
------------- ---------------- ---------------

Testcase: testSomething took 0.433 sec
	FAILED
java.lang.AssertionError: Implement me
junit.framework.AssertionFailedError: java.lang.AssertionError: Implement me
	at com.generic.intelledger.IntelledgerTests.testSomething(IntelledgerTests.groovy:21)

Testcase: testSetWithoutEntries took 15.257 sec
